Flow report for FPGA_Bionic_Robot_Arm
Tue Aug 05 22:24:30 2025
Quartus Prime Version 16.1.2 Build 203 01/18/2017 SJ Lite Edition


---------------------
; Table of Contents ;
---------------------
  1. Legal Notice
  2. Flow Summary
  3. Flow Settings
  4. Flow Non-Default Global Settings
  5. Flow Elapsed Time
  6. Flow OS Summary
  7. Flow Log
  8. Flow Messages
  9. Flow Suppressed Messages



----------------
; Legal Notice ;
----------------
Copyright (C) 2017  Intel Corporation. All rights reserved.
Your use of Intel Corporation's design tools, logic functions 
and other software and tools, and its AMPP partner logic 
functions, and any output files from any of the foregoing 
(including device programming or simulation files), and any 
associated documentation or information are expressly subject 
to the terms and conditions of the Intel Program License 
Subscription Agreement, the Intel Quartus Prime License Agreement,
the Intel MegaCore Function License Agreement, or other 
applicable license agreement, including, without limitation, 
that your use is for the sole purpose of programming logic 
devices manufactured by Intel and sold by Intel or its 
authorized distributors.  Please refer to the applicable 
agreement for further details.



+-------------------------------------------------------------------------------+
; Flow Summary                                                                  ;
+---------------------------------+---------------------------------------------+
; Flow Status                     ; Successful - Tue Aug 05 22:24:24 2025       ;
; Quartus Prime Version           ; 16.1.2 Build 203 01/18/2017 SJ Lite Edition ;
; Revision Name                   ; FPGA_Bionic_Robot_Arm                       ;
; Top-level Entity Name           ; FPGA_Bionic_Robot_Arm                       ;
; Family                          ; Cyclone V                                   ;
; Device                          ; 5CSEMA5F31C6                                ;
; Timing Models                   ; Final                                       ;
; Logic utilization (in ALMs)     ; 42 / 32,070 ( < 1 % )                       ;
; Total registers                 ; 67                                          ;
; Total pins                      ; 6 / 457 ( 1 % )                             ;
; Total virtual pins              ; 0                                           ;
; Total block memory bits         ; 0 / 4,065,280 ( 0 % )                       ;
; Total DSP Blocks                ; 0 / 87 ( 0 % )                              ;
; Total HSSI RX PCSs              ; 0                                           ;
; Total HSSI PMA RX Deserializers ; 0                                           ;
; Total HSSI TX PCSs              ; 0                                           ;
; Total HSSI PMA TX Serializers   ; 0                                           ;
; Total PLLs                      ; 0 / 6 ( 0 % )                               ;
; Total DLLs                      ; 0 / 4 ( 0 % )                               ;
+---------------------------------+---------------------------------------------+


+-------------------------------------------+
; Flow Settings                             ;
+-------------------+-----------------------+
; Option            ; Setting               ;
+-------------------+-----------------------+
; Start date & time ; 08/05/2025 22:23:26   ;
; Main task         ; Compilation           ;
; Revision Name     ; FPGA_Bionic_Robot_Arm ;
+-------------------+-----------------------+


+-------------------------------------------------------------------------------------------------------------------------+
; Flow Non-Default Global Settings                                                                                        ;
+-------------------------------------+----------------------------------------+---------------+-------------+------------+
; Assignment Name                     ; Value                                  ; Default Value ; Entity Name ; Section Id ;
+-------------------------------------+----------------------------------------+---------------+-------------+------------+
; COMPILER_SIGNATURE_ID               ; 1096912453832.175445780653152          ; --            ; --          ; --         ;
; MAX_CORE_JUNCTION_TEMP              ; 85                                     ; --            ; --          ; --         ;
; MIN_CORE_JUNCTION_TEMP              ; 0                                      ; --            ; --          ; --         ;
; PARTITION_COLOR                     ; -- (Not supported for targeted family) ; --            ; --          ; Top        ;
; PARTITION_FITTER_PRESERVATION_LEVEL ; -- (Not supported for targeted family) ; --            ; --          ; Top        ;
; PARTITION_NETLIST_TYPE              ; -- (Not supported for targeted family) ; --            ; --          ; Top        ;
; PROJECT_OUTPUT_DIRECTORY            ; output_files                           ; --            ; --          ; --         ;
+-------------------------------------+----------------------------------------+---------------+-------------+------------+


+-------------------------------------------------------------------------------------------------------------------------------+
; Flow Elapsed Time                                                                                                             ;
+---------------------------+--------------+-------------------------+---------------------+------------------------------------+
; Module Name               ; Elapsed Time ; Average Processors Used ; Peak Virtual Memory ; Total CPU Time (on all processors) ;
+---------------------------+--------------+-------------------------+---------------------+------------------------------------+
; Analysis & Synthesis      ; 00:00:09     ; 1.0                     ; 4892 MB             ; 00:00:21                           ;
; Fitter                    ; 00:00:41     ; 1.0                     ; 7691 MB             ; 00:03:27                           ;
; Assembler                 ; 00:00:05     ; 1.0                     ; 4826 MB             ; 00:00:05                           ;
; TimeQuest Timing Analyzer ; 00:00:05     ; 1.2                     ; 5254 MB             ; 00:00:05                           ;
; Total                     ; 00:01:00     ; --                      ; --                  ; 00:03:58                           ;
+---------------------------+--------------+-------------------------+---------------------+------------------------------------+


+-----------------------------------------------------------------------------------------+
; Flow OS Summary                                                                         ;
+---------------------------+------------------+------------+------------+----------------+
; Module Name               ; Machine Hostname ; OS Name    ; OS Version ; Processor type ;
+---------------------------+------------------+------------+------------+----------------+
; Analysis & Synthesis      ; Vaten            ; Windows 10 ; 10.0       ; x86_64         ;
; Fitter                    ; Vaten            ; Windows 10 ; 10.0       ; x86_64         ;
; Assembler                 ; Vaten            ; Windows 10 ; 10.0       ; x86_64         ;
; TimeQuest Timing Analyzer ; Vaten            ; Windows 10 ; 10.0       ; x86_64         ;
+---------------------------+------------------+------------+------------+----------------+


------------
; Flow Log ;
------------
quartus_map --read_settings_files=on --write_settings_files=off FPGA_Bionic_Robot_Arm -c FPGA_Bionic_Robot_Arm
quartus_fit --read_settings_files=off --write_settings_files=off FPGA_Bionic_Robot_Arm -c FPGA_Bionic_Robot_Arm
quartus_asm --read_settings_files=off --write_settings_files=off FPGA_Bionic_Robot_Arm -c FPGA_Bionic_Robot_Arm
quartus_sta FPGA_Bionic_Robot_Arm -c FPGA_Bionic_Robot_Arm



